{"C:\\Users\\siri7\\OneDrive\\Desktop\\77885544\\webpage\\server.js": {"path":"C:\\Users\\siri7\\OneDrive\\Desktop\\77885544\\webpage\\server.js","statementMap":{"0":{"start":{"line":1,"column":16},"end":{"line":1,"column":34}},"1":{"start":{"line":2,"column":17},"end":{"line":2,"column":36}},"2":{"start":{"line":3,"column":20},"end":{"line":3,"column":42}},"3":{"start":{"line":4,"column":15},"end":{"line":4,"column":32}},"4":{"start":{"line":5,"column":18},"end":{"line":5,"column":47}},"5":{"start":{"line":6,"column":15},"end":{"line":6,"column":34}},"6":{"start":{"line":7,"column":34},"end":{"line":7,"column":64}},"7":{"start":{"line":8,"column":23},"end":{"line":8,"column":51}},"8":{"start":{"line":9,"column":18},"end":{"line":9,"column":51}},"9":{"start":{"line":12,"column":31},"end":{"line":12,"column":55}},"10":{"start":{"line":13,"column":22},"end":{"line":13,"column":49}},"11":{"start":{"line":14,"column":19},"end":{"line":14,"column":43}},"12":{"start":{"line":15,"column":21},"end":{"line":15,"column":47}},"13":{"start":{"line":16,"column":20},"end":{"line":16,"column":45}},"14":{"start":{"line":18,"column":93},"end":{"line":18,"column":129}},"15":{"start":{"line":21,"column":0},"end":{"line":21,"column":26}},"16":{"start":{"line":22,"column":0},"end":{"line":22,"column":27}},"17":{"start":{"line":24,"column":12},"end":{"line":24,"column":21}},"18":{"start":{"line":27,"column":0},"end":{"line":27,"column":19}},"19":{"start":{"line":28,"column":0},"end":{"line":28,"column":23}},"20":{"start":{"line":29,"column":0},"end":{"line":29,"column":60}},"21":{"start":{"line":30,"column":0},"end":{"line":30,"column":34}},"22":{"start":{"line":31,"column":0},"end":{"line":31,"column":23}},"23":{"start":{"line":34,"column":0},"end":{"line":34,"column":18}},"24":{"start":{"line":35,"column":0},"end":{"line":35,"column":24}},"25":{"start":{"line":38,"column":16},"end":{"line":42,"column":2}},"26":{"start":{"line":43,"column":0},"end":{"line":43,"column":17}},"27":{"start":{"line":46,"column":0},"end":{"line":56,"column":1}},"28":{"start":{"line":47,"column":4},"end":{"line":47,"column":72}},"29":{"start":{"line":48,"column":4},"end":{"line":48,"column":20}},"30":{"start":{"line":50,"column":4},"end":{"line":55,"column":11}},"31":{"start":{"line":51,"column":20},"end":{"line":51,"column":55}},"32":{"start":{"line":53,"column":12},"end":{"line":53,"column":77}},"33":{"start":{"line":54,"column":12},"end":{"line":54,"column":28}},"34":{"start":{"line":59,"column":0},"end":{"line":59,"column":28}},"35":{"start":{"line":60,"column":0},"end":{"line":60,"column":31}},"36":{"start":{"line":61,"column":0},"end":{"line":61,"column":28}},"37":{"start":{"line":62,"column":0},"end":{"line":62,"column":29}},"38":{"start":{"line":63,"column":0},"end":{"line":63,"column":22}},"39":{"start":{"line":66,"column":0},"end":{"line":66,"column":25}},"40":{"start":{"line":69,"column":0},"end":{"line":69,"column":22}},"41":{"start":{"line":72,"column":0},"end":{"line":79,"column":1}},"42":{"start":{"line":73,"column":4},"end":{"line":78,"column":7}},"43":{"start":{"line":74,"column":8},"end":{"line":77,"column":11}},"44":{"start":{"line":81,"column":0},"end":{"line":81,"column":21}}},"fnMap":{"0":{"name":"(anonymous_0)","decl":{"start":{"line":51,"column":14},"end":{"line":51,"column":15}},"loc":{"start":{"line":51,"column":20},"end":{"line":51,"column":55}},"line":51},"1":{"name":"(anonymous_1)","decl":{"start":{"line":52,"column":15},"end":{"line":52,"column":16}},"loc":{"start":{"line":52,"column":22},"end":{"line":55,"column":9}},"line":52},"2":{"name":"(anonymous_2)","decl":{"start":{"line":73,"column":28},"end":{"line":73,"column":29}},"loc":{"start":{"line":73,"column":34},"end":{"line":78,"column":5}},"line":73}},"branchMap":{"0":{"loc":{"start":{"line":46,"column":0},"end":{"line":56,"column":1}},"type":"if","locations":[{"start":{"line":46,"column":0},"end":{"line":56,"column":1}},{"start":{"line":49,"column":7},"end":{"line":56,"column":1}}],"line":46},"1":{"loc":{"start":{"line":72,"column":0},"end":{"line":79,"column":1}},"type":"if","locations":[{"start":{"line":72,"column":0},"end":{"line":79,"column":1}},{"start":{},"end":{}}],"line":72}},"s":{"0":1,"1":1,"2":1,"3":1,"4":1,"5":1,"6":1,"7":1,"8":1,"9":1,"10":1,"11":1,"12":1,"13":1,"14":1,"15":1,"16":1,"17":1,"18":1,"19":1,"20":1,"21":1,"22":1,"23":1,"24":1,"25":1,"26":1,"27":1,"28":0,"29":0,"30":1,"31":1,"32":0,"33":0,"34":1,"35":1,"36":1,"37":1,"38":1,"39":1,"40":1,"41":1,"42":0,"43":0,"44":1},"f":{"0":1,"1":0,"2":0},"b":{"0":[0,1],"1":[0,1]},"_coverageSchema":"1a1c01bbd47fc00a2c39e90264f33305004495a9","hash":"f417e0563883652ad71553e59133b30fff964087"}
,"C:\\Users\\siri7\\OneDrive\\Desktop\\77885544\\webpage\\config\\index.js": {"path":"C:\\Users\\siri7\\OneDrive\\Desktop\\77885544\\webpage\\config\\index.js","statementMap":{"0":{"start":{"line":2,"column":0},"end":{"line":2,"column":75}},"1":{"start":{"line":5,"column":0},"end":{"line":10,"column":1}},"2":{"start":{"line":6,"column":4},"end":{"line":6,"column":47}},"3":{"start":{"line":7,"column":4},"end":{"line":7,"column":84}},"4":{"start":{"line":8,"column":4},"end":{"line":8,"column":84}},"5":{"start":{"line":9,"column":4},"end":{"line":9,"column":84}},"6":{"start":{"line":12,"column":0},"end":{"line":40,"column":2}}},"fnMap":{},"branchMap":{"0":{"loc":{"start":{"line":5,"column":0},"end":{"line":10,"column":1}},"type":"if","locations":[{"start":{"line":5,"column":0},"end":{"line":10,"column":1}},{"start":{},"end":{}}],"line":5},"1":{"loc":{"start":{"line":7,"column":40},"end":{"line":7,"column":82}},"type":"cond-expr","locations":[{"start":{"line":7,"column":65},"end":{"line":7,"column":70}},{"start":{"line":7,"column":73},"end":{"line":7,"column":82}}],"line":7},"2":{"loc":{"start":{"line":8,"column":40},"end":{"line":8,"column":82}},"type":"cond-expr","locations":[{"start":{"line":8,"column":65},"end":{"line":8,"column":70}},{"start":{"line":8,"column":73},"end":{"line":8,"column":82}}],"line":8},"3":{"loc":{"start":{"line":9,"column":40},"end":{"line":9,"column":82}},"type":"cond-expr","locations":[{"start":{"line":9,"column":65},"end":{"line":9,"column":70}},{"start":{"line":9,"column":73},"end":{"line":9,"column":82}}],"line":9},"4":{"loc":{"start":{"line":14,"column":10},"end":{"line":14,"column":34}},"type":"binary-expr","locations":[{"start":{"line":14,"column":10},"end":{"line":14,"column":26}},{"start":{"line":14,"column":30},"end":{"line":14,"column":34}}],"line":14},"5":{"loc":{"start":{"line":15,"column":14},"end":{"line":15,"column":51}},"type":"binary-expr","locations":[{"start":{"line":15,"column":14},"end":{"line":15,"column":34}},{"start":{"line":15,"column":38},"end":{"line":15,"column":51}}],"line":15},"6":{"loc":{"start":{"line":21,"column":16},"end":{"line":21,"column":63}},"type":"binary-expr","locations":[{"start":{"line":21,"column":16},"end":{"line":21,"column":38}},{"start":{"line":21,"column":42},"end":{"line":21,"column":63}}],"line":21},"7":{"loc":{"start":{"line":24,"column":21},"end":{"line":24,"column":70}},"type":"binary-expr","locations":[{"start":{"line":24,"column":21},"end":{"line":24,"column":48}},{"start":{"line":24,"column":52},"end":{"line":24,"column":70}}],"line":24},"8":{"loc":{"start":{"line":32,"column":21},"end":{"line":32,"column":55}},"type":"binary-expr","locations":[{"start":{"line":32,"column":21},"end":{"line":32,"column":48}},{"start":{"line":32,"column":52},"end":{"line":32,"column":55}}],"line":32}},"s":{"0":1,"1":1,"2":0,"3":0,"4":0,"5":0,"6":1},"f":{},"b":{"0":[0,1],"1":[0,0],"2":[0,0],"3":[0,0],"4":[1,1],"5":[1,0],"6":[1,0],"7":[1,1],"8":[1,0]},"_coverageSchema":"1a1c01bbd47fc00a2c39e90264f33305004495a9","hash":"3e3b630deb86555bba1008c9ad51e4ddc8d4a777"}
,"C:\\Users\\siri7\\OneDrive\\Desktop\\77885544\\webpage\\middleware\\cors.js": {"path":"C:\\Users\\siri7\\OneDrive\\Desktop\\77885544\\webpage\\middleware\\cors.js","statementMap":{"0":{"start":{"line":1,"column":15},"end":{"line":1,"column":35}},"1":{"start":{"line":6,"column":23},"end":{"line":24,"column":1}},"2":{"start":{"line":7,"column":27},"end":{"line":7,"column":60}},"3":{"start":{"line":8,"column":19},"end":{"line":8,"column":37}},"4":{"start":{"line":10,"column":4},"end":{"line":12,"column":5}},"5":{"start":{"line":11,"column":8},"end":{"line":11,"column":65}},"6":{"start":{"line":14,"column":4},"end":{"line":14,"column":82}},"7":{"start":{"line":15,"column":4},"end":{"line":15,"column":78}},"8":{"start":{"line":16,"column":4},"end":{"line":16,"column":59}},"9":{"start":{"line":19,"column":4},"end":{"line":21,"column":5}},"10":{"start":{"line":20,"column":8},"end":{"line":20,"column":35}},"11":{"start":{"line":23,"column":4},"end":{"line":23,"column":11}},"12":{"start":{"line":26,"column":0},"end":{"line":26,"column":32}}},"fnMap":{"0":{"name":"(anonymous_0)","decl":{"start":{"line":6,"column":23},"end":{"line":6,"column":24}},"loc":{"start":{"line":6,"column":43},"end":{"line":24,"column":1}},"line":6}},"branchMap":{"0":{"loc":{"start":{"line":10,"column":4},"end":{"line":12,"column":5}},"type":"if","locations":[{"start":{"line":10,"column":4},"end":{"line":12,"column":5}},{"start":{},"end":{}}],"line":10},"1":{"loc":{"start":{"line":10,"column":8},"end":{"line":10,"column":73}},"type":"binary-expr","locations":[{"start":{"line":10,"column":8},"end":{"line":10,"column":38}},{"start":{"line":10,"column":42},"end":{"line":10,"column":73}}],"line":10},"2":{"loc":{"start":{"line":11,"column":50},"end":{"line":11,"column":63}},"type":"binary-expr","locations":[{"start":{"line":11,"column":50},"end":{"line":11,"column":56}},{"start":{"line":11,"column":60},"end":{"line":11,"column":63}}],"line":11},"3":{"loc":{"start":{"line":19,"column":4},"end":{"line":21,"column":5}},"type":"if","locations":[{"start":{"line":19,"column":4},"end":{"line":21,"column":5}},{"start":{},"end":{}}],"line":19}},"s":{"0":1,"1":1,"2":0,"3":0,"4":0,"5":0,"6":0,"7":0,"8":0,"9":0,"10":0,"11":0,"12":1},"f":{"0":0},"b":{"0":[0,0],"1":[0,0],"2":[0,0],"3":[0,0]},"_coverageSchema":"1a1c01bbd47fc00a2c39e90264f33305004495a9","hash":"421c4a3f9a7438014e8975ad8c5a1bf3d664cc55"}
,"C:\\Users\\siri7\\OneDrive\\Desktop\\77885544\\webpage\\middleware\\errorHandler.js": {"path":"C:\\Users\\siri7\\OneDrive\\Desktop\\77885544\\webpage\\middleware\\errorHandler.js","statementMap":{"0":{"start":{"line":1,"column":19},"end":{"line":1,"column":38}},"1":{"start":{"line":8,"column":8},"end":{"line":8,"column":23}},"2":{"start":{"line":9,"column":8},"end":{"line":9,"column":37}},"3":{"start":{"line":10,"column":8},"end":{"line":10,"column":43}},"4":{"start":{"line":11,"column":8},"end":{"line":11,"column":50}},"5":{"start":{"line":12,"column":8},"end":{"line":12,"column":56}},"6":{"start":{"line":19,"column":28},"end":{"line":35,"column":1}},"7":{"start":{"line":20,"column":4},"end":{"line":23,"column":5}},"8":{"start":{"line":21,"column":23},"end":{"line":21,"column":68}},"9":{"start":{"line":21,"column":58},"end":{"line":21,"column":67}},"10":{"start":{"line":22,"column":8},"end":{"line":22,"column":75}},"11":{"start":{"line":25,"column":4},"end":{"line":27,"column":5}},"12":{"start":{"line":26,"column":8},"end":{"line":26,"column":70}},"13":{"start":{"line":29,"column":4},"end":{"line":32,"column":5}},"14":{"start":{"line":30,"column":22},"end":{"line":30,"column":52}},"15":{"start":{"line":31,"column":8},"end":{"line":31,"column":68}},"16":{"start":{"line":34,"column":4},"end":{"line":34,"column":15}},"17":{"start":{"line":40,"column":23},"end":{"line":50,"column":1}},"18":{"start":{"line":41,"column":4},"end":{"line":43,"column":5}},"19":{"start":{"line":42,"column":8},"end":{"line":42,"column":72}},"20":{"start":{"line":45,"column":4},"end":{"line":47,"column":5}},"21":{"start":{"line":46,"column":8},"end":{"line":46,"column":81}},"22":{"start":{"line":49,"column":4},"end":{"line":49,"column":15}},"23":{"start":{"line":55,"column":21},"end":{"line":105,"column":1}},"24":{"start":{"line":56,"column":16},"end":{"line":56,"column":26}},"25":{"start":{"line":57,"column":4},"end":{"line":57,"column":32}},"26":{"start":{"line":58,"column":4},"end":{"line":58,"column":28}},"27":{"start":{"line":61,"column":4},"end":{"line":71,"column":7}},"28":{"start":{"line":74,"column":4},"end":{"line":74,"column":39}},"29":{"start":{"line":75,"column":4},"end":{"line":75,"column":34}},"30":{"start":{"line":78,"column":23},"end":{"line":78,"column":46}},"31":{"start":{"line":79,"column":26},"end":{"line":79,"column":89}},"32":{"start":{"line":82,"column":26},"end":{"line":87,"column":5}},"33":{"start":{"line":90,"column":4},"end":{"line":93,"column":5}},"34":{"start":{"line":91,"column":8},"end":{"line":91,"column":42}},"35":{"start":{"line":92,"column":8},"end":{"line":92,"column":38}},"36":{"start":{"line":96,"column":4},"end":{"line":96,"column":47}},"37":{"start":{"line":99,"column":4},"end":{"line":104,"column":5}},"38":{"start":{"line":100,"column":8},"end":{"line":103,"column":11}},"39":{"start":{"line":110,"column":24},"end":{"line":113,"column":1}},"40":{"start":{"line":111,"column":18},"end":{"line":111,"column":74}},"41":{"start":{"line":112,"column":4},"end":{"line":112,"column":16}},"42":{"start":{"line":118,"column":21},"end":{"line":122,"column":1}},"43":{"start":{"line":119,"column":4},"end":{"line":121,"column":6}},"44":{"start":{"line":120,"column":8},"end":{"line":120,"column":56}},"45":{"start":{"line":127,"column":32},"end":{"line":135,"column":1}},"46":{"start":{"line":128,"column":4},"end":{"line":134,"column":7}},"47":{"start":{"line":129,"column":8},"end":{"line":132,"column":11}},"48":{"start":{"line":133,"column":8},"end":{"line":133,"column":24}},"49":{"start":{"line":140,"column":33},"end":{"line":148,"column":1}},"50":{"start":{"line":141,"column":4},"end":{"line":147,"column":7}},"51":{"start":{"line":142,"column":8},"end":{"line":145,"column":11}},"52":{"start":{"line":146,"column":8},"end":{"line":146,"column":24}},"53":{"start":{"line":150,"column":0},"end":{"line":157,"column":2}}},"fnMap":{"0":{"name":"(anonymous_0)","decl":{"start":{"line":7,"column":4},"end":{"line":7,"column":5}},"loc":{"start":{"line":7,"column":59},"end":{"line":13,"column":5}},"line":7},"1":{"name":"(anonymous_1)","decl":{"start":{"line":19,"column":28},"end":{"line":19,"column":29}},"loc":{"start":{"line":19,"column":37},"end":{"line":35,"column":1}},"line":19},"2":{"name":"(anonymous_2)","decl":{"start":{"line":21,"column":53},"end":{"line":21,"column":54}},"loc":{"start":{"line":21,"column":58},"end":{"line":21,"column":67}},"line":21},"3":{"name":"(anonymous_3)","decl":{"start":{"line":40,"column":23},"end":{"line":40,"column":24}},"loc":{"start":{"line":40,"column":32},"end":{"line":50,"column":1}},"line":40},"4":{"name":"(anonymous_4)","decl":{"start":{"line":55,"column":21},"end":{"line":55,"column":22}},"loc":{"start":{"line":55,"column":46},"end":{"line":105,"column":1}},"line":55},"5":{"name":"(anonymous_5)","decl":{"start":{"line":110,"column":24},"end":{"line":110,"column":25}},"loc":{"start":{"line":110,"column":44},"end":{"line":113,"column":1}},"line":110},"6":{"name":"(anonymous_6)","decl":{"start":{"line":118,"column":21},"end":{"line":118,"column":22}},"loc":{"start":{"line":118,"column":29},"end":{"line":122,"column":1}},"line":118},"7":{"name":"(anonymous_7)","decl":{"start":{"line":119,"column":11},"end":{"line":119,"column":12}},"loc":{"start":{"line":119,"column":31},"end":{"line":121,"column":5}},"line":119},"8":{"name":"(anonymous_8)","decl":{"start":{"line":127,"column":32},"end":{"line":127,"column":33}},"loc":{"start":{"line":127,"column":38},"end":{"line":135,"column":1}},"line":127},"9":{"name":"(anonymous_9)","decl":{"start":{"line":128,"column":36},"end":{"line":128,"column":37}},"loc":{"start":{"line":128,"column":45},"end":{"line":134,"column":5}},"line":128},"10":{"name":"(anonymous_10)","decl":{"start":{"line":140,"column":33},"end":{"line":140,"column":34}},"loc":{"start":{"line":140,"column":39},"end":{"line":148,"column":1}},"line":140},"11":{"name":"(anonymous_11)","decl":{"start":{"line":141,"column":37},"end":{"line":141,"column":38}},"loc":{"start":{"line":141,"column":46},"end":{"line":147,"column":5}},"line":141}},"branchMap":{"0":{"loc":{"start":{"line":7,"column":37},"end":{"line":7,"column":57}},"type":"default-arg","locations":[{"start":{"line":7,"column":53},"end":{"line":7,"column":57}}],"line":7},"1":{"loc":{"start":{"line":20,"column":4},"end":{"line":23,"column":5}},"type":"if","locations":[{"start":{"line":20,"column":4},"end":{"line":23,"column":5}},{"start":{},"end":{}}],"line":20},"2":{"loc":{"start":{"line":25,"column":4},"end":{"line":27,"column":5}},"type":"if","locations":[{"start":{"line":25,"column":4},"end":{"line":27,"column":5}},{"start":{},"end":{}}],"line":25},"3":{"loc":{"start":{"line":29,"column":4},"end":{"line":32,"column":5}},"type":"if","locations":[{"start":{"line":29,"column":4},"end":{"line":32,"column":5}},{"start":{},"end":{}}],"line":29},"4":{"loc":{"start":{"line":41,"column":4},"end":{"line":43,"column":5}},"type":"if","locations":[{"start":{"line":41,"column":4},"end":{"line":43,"column":5}},{"start":{},"end":{}}],"line":41},"5":{"loc":{"start":{"line":45,"column":4},"end":{"line":47,"column":5}},"type":"if","locations":[{"start":{"line":45,"column":4},"end":{"line":47,"column":5}},{"start":{},"end":{}}],"line":45},"6":{"loc":{"start":{"line":78,"column":23},"end":{"line":78,"column":46}},"type":"binary-expr","locations":[{"start":{"line":78,"column":23},"end":{"line":78,"column":39}},{"start":{"line":78,"column":43},"end":{"line":78,"column":46}}],"line":78},"7":{"loc":{"start":{"line":79,"column":26},"end":{"line":79,"column":89}},"type":"cond-expr","locations":[{"start":{"line":79,"column":62},"end":{"line":79,"column":81}},{"start":{"line":79,"column":84},"end":{"line":79,"column":89}}],"line":79},"8":{"loc":{"start":{"line":83,"column":15},"end":{"line":83,"column":36}},"type":"binary-expr","locations":[{"start":{"line":83,"column":15},"end":{"line":83,"column":25}},{"start":{"line":83,"column":29},"end":{"line":83,"column":36}}],"line":83},"9":{"loc":{"start":{"line":84,"column":17},"end":{"line":84,"column":56}},"type":"binary-expr","locations":[{"start":{"line":84,"column":17},"end":{"line":84,"column":30}},{"start":{"line":84,"column":34},"end":{"line":84,"column":56}}],"line":84},"10":{"loc":{"start":{"line":85,"column":19},"end":{"line":85,"column":62}},"type":"binary-expr","locations":[{"start":{"line":85,"column":19},"end":{"line":85,"column":34}},{"start":{"line":85,"column":38},"end":{"line":85,"column":62}}],"line":85},"11":{"loc":{"start":{"line":90,"column":4},"end":{"line":93,"column":5}},"type":"if","locations":[{"start":{"line":90,"column":4},"end":{"line":93,"column":5}},{"start":{},"end":{}}],"line":90},"12":{"loc":{"start":{"line":99,"column":4},"end":{"line":104,"column":5}},"type":"if","locations":[{"start":{"line":99,"column":4},"end":{"line":104,"column":5}},{"start":{},"end":{}}],"line":99}},"s":{"0":1,"1":0,"2":0,"3":0,"4":0,"5":0,"6":1,"7":0,"8":0,"9":0,"10":0,"11":0,"12":0,"13":0,"14":0,"15":0,"16":0,"17":1,"18":0,"19":0,"20":0,"21":0,"22":0,"23":1,"24":0,"25":0,"26":0,"27":0,"28":0,"29":0,"30":0,"31":0,"32":0,"33":0,"34":0,"35":0,"36":0,"37":0,"38":0,"39":1,"40":0,"41":0,"42":1,"43":4,"44":0,"45":1,"46":1,"47":0,"48":0,"49":1,"50":1,"51":0,"52":0,"53":1},"f":{"0":0,"1":0,"2":0,"3":0,"4":0,"5":0,"6":4,"7":0,"8":1,"9":0,"10":1,"11":0},"b":{"0":[0],"1":[0,0],"2":[0,0],"3":[0,0],"4":[0,0],"5":[0,0],"6":[0,0],"7":[0,0],"8":[0,0],"9":[0,0],"10":[0,0],"11":[0,0],"12":[0,0]},"_coverageSchema":"1a1c01bbd47fc00a2c39e90264f33305004495a9","hash":"b8c77b68e496841f44baf50d23d8b7de1e50f328"}
,"C:\\Users\\siri7\\OneDrive\\Desktop\\77885544\\webpage\\middleware\\logger.js": {"path":"C:\\Users\\siri7\\OneDrive\\Desktop\\77885544\\webpage\\middleware\\logger.js","statementMap":{"0":{"start":{"line":1,"column":16},"end":{"line":1,"column":34}},"1":{"start":{"line":2,"column":15},"end":{"line":2,"column":35}},"2":{"start":{"line":5,"column":18},"end":{"line":10,"column":1}},"3":{"start":{"line":13,"column":15},"end":{"line":27,"column":2}},"4":{"start":{"line":22,"column":20},"end":{"line":22,"column":121}},"5":{"start":{"line":30,"column":22},"end":{"line":46,"column":1}},"6":{"start":{"line":31,"column":18},"end":{"line":31,"column":28}},"7":{"start":{"line":33,"column":4},"end":{"line":43,"column":7}},"8":{"start":{"line":34,"column":25},"end":{"line":34,"column":43}},"9":{"start":{"line":35,"column":8},"end":{"line":42,"column":11}},"10":{"start":{"line":45,"column":4},"end":{"line":45,"column":11}},"11":{"start":{"line":48,"column":0},"end":{"line":48,"column":43}}},"fnMap":{"0":{"name":"(anonymous_0)","decl":{"start":{"line":21,"column":38},"end":{"line":21,"column":39}},"loc":{"start":{"line":21,"column":82},"end":{"line":23,"column":17}},"line":21},"1":{"name":"(anonymous_1)","decl":{"start":{"line":30,"column":22},"end":{"line":30,"column":23}},"loc":{"start":{"line":30,"column":42},"end":{"line":46,"column":1}},"line":30},"2":{"name":"(anonymous_2)","decl":{"start":{"line":33,"column":21},"end":{"line":33,"column":22}},"loc":{"start":{"line":33,"column":27},"end":{"line":43,"column":5}},"line":33}},"branchMap":{"0":{"loc":{"start":{"line":14,"column":11},"end":{"line":14,"column":62}},"type":"cond-expr","locations":[{"start":{"line":14,"column":46},"end":{"line":14,"column":52}},{"start":{"line":14,"column":55},"end":{"line":14,"column":62}}],"line":14},"1":{"loc":{"start":{"line":22,"column":66},"end":{"line":22,"column":118}},"type":"cond-expr","locations":[{"start":{"line":22,"column":93},"end":{"line":22,"column":113}},{"start":{"line":22,"column":116},"end":{"line":22,"column":118}}],"line":22}},"s":{"0":1,"1":1,"2":1,"3":1,"4":1,"5":1,"6":0,"7":0,"8":0,"9":0,"10":0,"11":1},"f":{"0":1,"1":0,"2":0},"b":{"0":[0,1],"1":[0,1]},"_coverageSchema":"1a1c01bbd47fc00a2c39e90264f33305004495a9","hash":"5ea9a9dcca3230bdf73ff2520df3c34ebaaa1b92"}
,"C:\\Users\\siri7\\OneDrive\\Desktop\\77885544\\webpage\\middleware\\requestId.js": {"path":"C:\\Users\\siri7\\OneDrive\\Desktop\\77885544\\webpage\\middleware\\requestId.js","statementMap":{"0":{"start":{"line":1,"column":15},"end":{"line":1,"column":32}},"1":{"start":{"line":7,"column":18},"end":{"line":15,"column":1}},"2":{"start":{"line":9,"column":4},"end":{"line":9,"column":51}},"3":{"start":{"line":12,"column":4},"end":{"line":12,"column":42}},"4":{"start":{"line":14,"column":4},"end":{"line":14,"column":11}},"5":{"start":{"line":17,"column":0},"end":{"line":17,"column":27}}},"fnMap":{"0":{"name":"(anonymous_0)","decl":{"start":{"line":7,"column":18},"end":{"line":7,"column":19}},"loc":{"start":{"line":7,"column":38},"end":{"line":15,"column":1}},"line":7}},"branchMap":{},"s":{"0":1,"1":1,"2":0,"3":0,"4":0,"5":1},"f":{"0":0},"b":{},"_coverageSchema":"1a1c01bbd47fc00a2c39e90264f33305004495a9","hash":"93ea1c25553282dfaaadc72d85e2c46bb181c255"}
,"C:\\Users\\siri7\\OneDrive\\Desktop\\77885544\\webpage\\middleware\\validation.js": {"path":"C:\\Users\\siri7\\OneDrive\\Desktop\\77885544\\webpage\\middleware\\validation.js","statementMap":{"0":{"start":{"line":1,"column":35},"end":{"line":1,"column":63}},"1":{"start":{"line":6,"column":24},"end":{"line":24,"column":1}},"2":{"start":{"line":29,"column":22},"end":{"line":31,"column":1}},"3":{"start":{"line":36,"column":29},"end":{"line":39,"column":1}},"4":{"start":{"line":44,"column":27},"end":{"line":58,"column":1}},"5":{"start":{"line":45,"column":17},"end":{"line":45,"column":46}},"6":{"start":{"line":46,"column":18},"end":{"line":46,"column":49}},"7":{"start":{"line":48,"column":4},"end":{"line":50,"column":5}},"8":{"start":{"line":49,"column":8},"end":{"line":49,"column":78}},"9":{"start":{"line":52,"column":4},"end":{"line":54,"column":5}},"10":{"start":{"line":53,"column":8},"end":{"line":53,"column":82}},"11":{"start":{"line":56,"column":4},"end":{"line":56,"column":37}},"12":{"start":{"line":57,"column":4},"end":{"line":57,"column":11}},"13":{"start":{"line":63,"column":31},"end":{"line":76,"column":1}},"14":{"start":{"line":64,"column":19},"end":{"line":64,"column":40}},"15":{"start":{"line":65,"column":4},"end":{"line":74,"column":5}},"16":{"start":{"line":66,"column":8},"end":{"line":73,"column":11}},"17":{"start":{"line":69,"column":48},"end":{"line":72,"column":13}},"18":{"start":{"line":75,"column":4},"end":{"line":75,"column":11}},"19":{"start":{"line":81,"column":21},"end":{"line":90,"column":1}},"20":{"start":{"line":82,"column":4},"end":{"line":82,"column":27}},"21":{"start":{"line":82,"column":15},"end":{"line":82,"column":27}},"22":{"start":{"line":83,"column":4},"end":{"line":89,"column":34}},"23":{"start":{"line":95,"column":21},"end":{"line":117,"column":1}},"24":{"start":{"line":96,"column":27},"end":{"line":111,"column":5}},"25":{"start":{"line":97,"column":8},"end":{"line":99,"column":9}},"26":{"start":{"line":98,"column":12},"end":{"line":98,"column":37}},"27":{"start":{"line":100,"column":8},"end":{"line":102,"column":9}},"28":{"start":{"line":101,"column":12},"end":{"line":101,"column":43}},"29":{"start":{"line":103,"column":8},"end":{"line":109,"column":9}},"30":{"start":{"line":104,"column":30},"end":{"line":104,"column":32}},"31":{"start":{"line":105,"column":12},"end":{"line":107,"column":13}},"32":{"start":{"line":106,"column":16},"end":{"line":106,"column":58}},"33":{"start":{"line":108,"column":12},"end":{"line":108,"column":29}},"34":{"start":{"line":110,"column":8},"end":{"line":110,"column":19}},"35":{"start":{"line":113,"column":4},"end":{"line":115,"column":5}},"36":{"start":{"line":114,"column":8},"end":{"line":114,"column":44}},"37":{"start":{"line":116,"column":4},"end":{"line":116,"column":11}},"38":{"start":{"line":119,"column":0},"end":{"line":127,"column":2}}},"fnMap":{"0":{"name":"(anonymous_0)","decl":{"start":{"line":44,"column":27},"end":{"line":44,"column":28}},"loc":{"start":{"line":44,"column":47},"end":{"line":58,"column":1}},"line":44},"1":{"name":"(anonymous_1)","decl":{"start":{"line":63,"column":31},"end":{"line":63,"column":32}},"loc":{"start":{"line":63,"column":51},"end":{"line":76,"column":1}},"line":63},"2":{"name":"(anonymous_2)","decl":{"start":{"line":69,"column":40},"end":{"line":69,"column":41}},"loc":{"start":{"line":69,"column":48},"end":{"line":72,"column":13}},"line":69},"3":{"name":"(anonymous_3)","decl":{"start":{"line":81,"column":21},"end":{"line":81,"column":22}},"loc":{"start":{"line":81,"column":31},"end":{"line":90,"column":1}},"line":81},"4":{"name":"(anonymous_4)","decl":{"start":{"line":95,"column":21},"end":{"line":95,"column":22}},"loc":{"start":{"line":95,"column":41},"end":{"line":117,"column":1}},"line":95},"5":{"name":"(anonymous_5)","decl":{"start":{"line":96,"column":27},"end":{"line":96,"column":28}},"loc":{"start":{"line":96,"column":36},"end":{"line":111,"column":5}},"line":96}},"branchMap":{"0":{"loc":{"start":{"line":45,"column":17},"end":{"line":45,"column":46}},"type":"binary-expr","locations":[{"start":{"line":45,"column":17},"end":{"line":45,"column":41}},{"start":{"line":45,"column":45},"end":{"line":45,"column":46}}],"line":45},"1":{"loc":{"start":{"line":46,"column":18},"end":{"line":46,"column":49}},"type":"binary-expr","locations":[{"start":{"line":46,"column":18},"end":{"line":46,"column":43}},{"start":{"line":46,"column":47},"end":{"line":46,"column":49}}],"line":46},"2":{"loc":{"start":{"line":48,"column":4},"end":{"line":50,"column":5}},"type":"if","locations":[{"start":{"line":48,"column":4},"end":{"line":50,"column":5}},{"start":{},"end":{}}],"line":48},"3":{"loc":{"start":{"line":52,"column":4},"end":{"line":54,"column":5}},"type":"if","locations":[{"start":{"line":52,"column":4},"end":{"line":54,"column":5}},{"start":{},"end":{}}],"line":52},"4":{"loc":{"start":{"line":52,"column":8},"end":{"line":52,"column":32}},"type":"binary-expr","locations":[{"start":{"line":52,"column":8},"end":{"line":52,"column":17}},{"start":{"line":52,"column":21},"end":{"line":52,"column":32}}],"line":52},"5":{"loc":{"start":{"line":65,"column":4},"end":{"line":74,"column":5}},"type":"if","locations":[{"start":{"line":65,"column":4},"end":{"line":74,"column":5}},{"start":{},"end":{}}],"line":65},"6":{"loc":{"start":{"line":82,"column":4},"end":{"line":82,"column":27}},"type":"if","locations":[{"start":{"line":82,"column":4},"end":{"line":82,"column":27}},{"start":{},"end":{}}],"line":82},"7":{"loc":{"start":{"line":97,"column":8},"end":{"line":99,"column":9}},"type":"if","locations":[{"start":{"line":97,"column":8},"end":{"line":99,"column":9}},{"start":{},"end":{}}],"line":97},"8":{"loc":{"start":{"line":100,"column":8},"end":{"line":102,"column":9}},"type":"if","locations":[{"start":{"line":100,"column":8},"end":{"line":102,"column":9}},{"start":{},"end":{}}],"line":100},"9":{"loc":{"start":{"line":103,"column":8},"end":{"line":109,"column":9}},"type":"if","locations":[{"start":{"line":103,"column":8},"end":{"line":109,"column":9}},{"start":{},"end":{}}],"line":103},"10":{"loc":{"start":{"line":103,"column":12},"end":{"line":103,"column":42}},"type":"binary-expr","locations":[{"start":{"line":103,"column":12},"end":{"line":103,"column":15}},{"start":{"line":103,"column":19},"end":{"line":103,"column":42}}],"line":103},"11":{"loc":{"start":{"line":113,"column":4},"end":{"line":115,"column":5}},"type":"if","locations":[{"start":{"line":113,"column":4},"end":{"line":115,"column":5}},{"start":{},"end":{}}],"line":113}},"s":{"0":1,"1":1,"2":1,"3":1,"4":1,"5":0,"6":0,"7":0,"8":0,"9":0,"10":0,"11":0,"12":0,"13":1,"14":0,"15":0,"16":0,"17":0,"18":0,"19":1,"20":0,"21":0,"22":0,"23":1,"24":0,"25":0,"26":0,"27":0,"28":0,"29":0,"30":0,"31":0,"32":0,"33":0,"34":0,"35":0,"36":0,"37":0,"38":1},"f":{"0":0,"1":0,"2":0,"3":0,"4":0,"5":0},"b":{"0":[0,0],"1":[0,0],"2":[0,0],"3":[0,0],"4":[0,0],"5":[0,0],"6":[0,0],"7":[0,0],"8":[0,0],"9":[0,0],"10":[0,0],"11":[0,0]},"_coverageSchema":"1a1c01bbd47fc00a2c39e90264f33305004495a9","hash":"84ac2b6ff66c9d5a6edde80b9523094fde0f4ae6"}
,"C:\\Users\\siri7\\OneDrive\\Desktop\\77885544\\webpage\\models\\JobPosting.js": {"path":"C:\\Users\\siri7\\OneDrive\\Desktop\\77885544\\webpage\\models\\JobPosting.js","statementMap":{"0":{"start":{"line":1,"column":17},"end":{"line":1,"column":36}},"1":{"start":{"line":3,"column":25},"end":{"line":56,"column":2}},"2":{"start":{"line":37,"column":16},"end":{"line":37,"column":48}},"3":{"start":{"line":59,"column":0},"end":{"line":59,"column":46}},"4":{"start":{"line":60,"column":0},"end":{"line":60,"column":40}},"5":{"start":{"line":61,"column":0},"end":{"line":61,"column":48}},"6":{"start":{"line":64,"column":0},"end":{"line":66,"column":3}},"7":{"start":{"line":65,"column":4},"end":{"line":65,"column":55}},"8":{"start":{"line":69,"column":0},"end":{"line":71,"column":3}},"9":{"start":{"line":70,"column":4},"end":{"line":70,"column":69}},"10":{"start":{"line":74,"column":0},"end":{"line":74,"column":51}},"11":{"start":{"line":75,"column":0},"end":{"line":75,"column":53}},"12":{"start":{"line":77,"column":0},"end":{"line":77,"column":64}}},"fnMap":{"0":{"name":"(anonymous_0)","decl":{"start":{"line":35,"column":23},"end":{"line":35,"column":24}},"loc":{"start":{"line":35,"column":36},"end":{"line":38,"column":13}},"line":35},"1":{"name":"(anonymous_1)","decl":{"start":{"line":64,"column":42},"end":{"line":64,"column":43}},"loc":{"start":{"line":64,"column":54},"end":{"line":66,"column":1}},"line":64},"2":{"name":"(anonymous_2)","decl":{"start":{"line":69,"column":50},"end":{"line":69,"column":51}},"loc":{"start":{"line":69,"column":62},"end":{"line":71,"column":1}},"line":69}},"branchMap":{"0":{"loc":{"start":{"line":65,"column":11},"end":{"line":65,"column":54}},"type":"binary-expr","locations":[{"start":{"line":65,"column":11},"end":{"line":65,"column":24}},{"start":{"line":65,"column":28},"end":{"line":65,"column":54}}],"line":65},"1":{"loc":{"start":{"line":70,"column":11},"end":{"line":70,"column":68}},"type":"cond-expr","locations":[{"start":{"line":70,"column":27},"end":{"line":70,"column":61}},{"start":{"line":70,"column":64},"end":{"line":70,"column":68}}],"line":70}},"s":{"0":1,"1":1,"2":0,"3":1,"4":1,"5":1,"6":1,"7":0,"8":1,"9":0,"10":1,"11":1,"12":1},"f":{"0":0,"1":0,"2":0},"b":{"0":[0,0],"1":[0,0]},"_coverageSchema":"1a1c01bbd47fc00a2c39e90264f33305004495a9","hash":"76d3d0e256cfe0b35e2bb82ff69271e3bffd14a0"}
,"C:\\Users\\siri7\\OneDrive\\Desktop\\77885544\\webpage\\models\\TeamMember.js": {"path":"C:\\Users\\siri7\\OneDrive\\Desktop\\77885544\\webpage\\models\\TeamMember.js","statementMap":{"0":{"start":{"line":1,"column":17},"end":{"line":1,"column":36}},"1":{"start":{"line":3,"column":25},"end":{"line":42,"column":2}},"2":{"start":{"line":27,"column":16},"end":{"line":27,"column":54}},"3":{"start":{"line":45,"column":0},"end":{"line":45,"column":36}},"4":{"start":{"line":46,"column":0},"end":{"line":46,"column":48}},"5":{"start":{"line":49,"column":0},"end":{"line":51,"column":3}},"6":{"start":{"line":50,"column":4},"end":{"line":50,"column":47}},"7":{"start":{"line":54,"column":0},"end":{"line":54,"column":51}},"8":{"start":{"line":55,"column":0},"end":{"line":55,"column":53}},"9":{"start":{"line":57,"column":0},"end":{"line":57,"column":64}}},"fnMap":{"0":{"name":"(anonymous_0)","decl":{"start":{"line":25,"column":23},"end":{"line":25,"column":24}},"loc":{"start":{"line":25,"column":36},"end":{"line":28,"column":13}},"line":25},"1":{"name":"(anonymous_1)","decl":{"start":{"line":49,"column":51},"end":{"line":49,"column":52}},"loc":{"start":{"line":49,"column":63},"end":{"line":51,"column":1}},"line":49}},"branchMap":{"0":{"loc":{"start":{"line":27,"column":23},"end":{"line":27,"column":53}},"type":"binary-expr","locations":[{"start":{"line":27,"column":23},"end":{"line":27,"column":25}},{"start":{"line":27,"column":29},"end":{"line":27,"column":53}}],"line":27}},"s":{"0":1,"1":1,"2":0,"3":1,"4":1,"5":1,"6":0,"7":1,"8":1,"9":1},"f":{"0":0,"1":0},"b":{"0":[0,0]},"_coverageSchema":"1a1c01bbd47fc00a2c39e90264f33305004495a9","hash":"4bfff4a2765c5ecd0e6c573add71bbb7cf030306"}
,"C:\\Users\\siri7\\OneDrive\\Desktop\\77885544\\webpage\\routes\\auth.js": {"path":"C:\\Users\\siri7\\OneDrive\\Desktop\\77885544\\webpage\\routes\\auth.js","statementMap":{"0":{"start":{"line":1,"column":16},"end":{"line":1,"column":34}},"1":{"start":{"line":2,"column":15},"end":{"line":2,"column":31}},"2":{"start":{"line":3,"column":12},"end":{"line":3,"column":35}},"3":{"start":{"line":4,"column":15},"end":{"line":4,"column":35}},"4":{"start":{"line":5,"column":19},"end":{"line":5,"column":50}},"5":{"start":{"line":6,"column":72},"end":{"line":6,"column":107}},"6":{"start":{"line":7,"column":25},"end":{"line":7,"column":62}},"7":{"start":{"line":10,"column":22},"end":{"line":10,"column":31}},"8":{"start":{"line":13,"column":0},"end":{"line":27,"column":19}},"9":{"start":{"line":14,"column":16},"end":{"line":14,"column":26}},"10":{"start":{"line":15,"column":18},"end":{"line":15,"column":19}},"11":{"start":{"line":17,"column":4},"end":{"line":22,"column":5}},"12":{"start":{"line":18,"column":8},"end":{"line":21,"column":9}},"13":{"start":{"line":19,"column":12},"end":{"line":19,"column":40}},"14":{"start":{"line":20,"column":12},"end":{"line":20,"column":22}},"15":{"start":{"line":24,"column":4},"end":{"line":26,"column":5}},"16":{"start":{"line":25,"column":8},"end":{"line":25,"column":77}},"17":{"start":{"line":34,"column":0},"end":{"line":81,"column":4}},"18":{"start":{"line":35,"column":25},"end":{"line":35,"column":33}},"19":{"start":{"line":38,"column":4},"end":{"line":42,"column":7}},"20":{"start":{"line":45,"column":26},"end":{"line":45,"column":61}},"21":{"start":{"line":47,"column":4},"end":{"line":80,"column":5}},"22":{"start":{"line":49,"column":28},"end":{"line":53,"column":9}},"23":{"start":{"line":56,"column":29},"end":{"line":60,"column":9}},"24":{"start":{"line":63,"column":27},"end":{"line":63,"column":65}},"25":{"start":{"line":64,"column":8},"end":{"line":64,"column":52}},"26":{"start":{"line":66,"column":8},"end":{"line":66,"column":59}},"27":{"start":{"line":68,"column":8},"end":{"line":72,"column":11}},"28":{"start":{"line":74,"column":8},"end":{"line":74,"column":56}},"29":{"start":{"line":75,"column":8},"end":{"line":79,"column":11}},"30":{"start":{"line":87,"column":0},"end":{"line":129,"column":4}},"31":{"start":{"line":88,"column":29},"end":{"line":88,"column":37}},"32":{"start":{"line":91,"column":19},"end":{"line":91,"column":50}},"33":{"start":{"line":92,"column":4},"end":{"line":97,"column":5}},"34":{"start":{"line":93,"column":8},"end":{"line":96,"column":11}},"35":{"start":{"line":99,"column":4},"end":{"line":105,"column":5}},"36":{"start":{"line":100,"column":8},"end":{"line":100,"column":43}},"37":{"start":{"line":101,"column":8},"end":{"line":104,"column":11}},"38":{"start":{"line":107,"column":20},"end":{"line":107,"column":63}},"39":{"start":{"line":109,"column":4},"end":{"line":114,"column":5}},"40":{"start":{"line":110,"column":8},"end":{"line":113,"column":11}},"41":{"start":{"line":117,"column":24},"end":{"line":121,"column":5}},"42":{"start":{"line":123,"column":4},"end":{"line":123,"column":74}},"43":{"start":{"line":125,"column":4},"end":{"line":128,"column":7}},"44":{"start":{"line":135,"column":0},"end":{"line":144,"column":3}},"45":{"start":{"line":136,"column":29},"end":{"line":136,"column":37}},"46":{"start":{"line":138,"column":4},"end":{"line":141,"column":5}},"47":{"start":{"line":139,"column":8},"end":{"line":139,"column":43}},"48":{"start":{"line":140,"column":8},"end":{"line":140,"column":63}},"49":{"start":{"line":143,"column":4},"end":{"line":143,"column":68}},"50":{"start":{"line":149,"column":20},"end":{"line":180,"column":1}},"51":{"start":{"line":150,"column":18},"end":{"line":150,"column":46}},"52":{"start":{"line":152,"column":4},"end":{"line":157,"column":5}},"53":{"start":{"line":153,"column":8},"end":{"line":156,"column":11}},"54":{"start":{"line":160,"column":4},"end":{"line":165,"column":5}},"55":{"start":{"line":161,"column":8},"end":{"line":164,"column":11}},"56":{"start":{"line":167,"column":24},"end":{"line":167,"column":43}},"57":{"start":{"line":169,"column":4},"end":{"line":179,"column":7}},"58":{"start":{"line":170,"column":8},"end":{"line":176,"column":9}},"59":{"start":{"line":171,"column":12},"end":{"line":171,"column":77}},"60":{"start":{"line":172,"column":12},"end":{"line":175,"column":15}},"61":{"start":{"line":177,"column":8},"end":{"line":177,"column":27}},"62":{"start":{"line":178,"column":8},"end":{"line":178,"column":15}},"63":{"start":{"line":182,"column":0},"end":{"line":182,"column":41}}},"fnMap":{"0":{"name":"(anonymous_0)","decl":{"start":{"line":13,"column":12},"end":{"line":13,"column":13}},"loc":{"start":{"line":13,"column":18},"end":{"line":27,"column":1}},"line":13},"1":{"name":"(anonymous_1)","decl":{"start":{"line":34,"column":74},"end":{"line":34,"column":75}},"loc":{"start":{"line":34,"column":94},"end":{"line":81,"column":1}},"line":34},"2":{"name":"(anonymous_2)","decl":{"start":{"line":87,"column":83},"end":{"line":87,"column":84}},"loc":{"start":{"line":87,"column":103},"end":{"line":129,"column":1}},"line":87},"3":{"name":"(anonymous_3)","decl":{"start":{"line":135,"column":23},"end":{"line":135,"column":24}},"loc":{"start":{"line":135,"column":37},"end":{"line":144,"column":1}},"line":135},"4":{"name":"(anonymous_4)","decl":{"start":{"line":149,"column":20},"end":{"line":149,"column":21}},"loc":{"start":{"line":149,"column":40},"end":{"line":180,"column":1}},"line":149},"5":{"name":"(anonymous_5)","decl":{"start":{"line":169,"column":47},"end":{"line":169,"column":48}},"loc":{"start":{"line":169,"column":65},"end":{"line":179,"column":5}},"line":169}},"branchMap":{"0":{"loc":{"start":{"line":18,"column":8},"end":{"line":21,"column":9}},"type":"if","locations":[{"start":{"line":18,"column":8},"end":{"line":21,"column":9}},{"start":{},"end":{}}],"line":18},"1":{"loc":{"start":{"line":24,"column":4},"end":{"line":26,"column":5}},"type":"if","locations":[{"start":{"line":24,"column":4},"end":{"line":26,"column":5}},{"start":{},"end":{}}],"line":24},"2":{"loc":{"start":{"line":39,"column":32},"end":{"line":39,"column":62}},"type":"cond-expr","locations":[{"start":{"line":39,"column":43},"end":{"line":39,"column":58}},{"start":{"line":39,"column":61},"end":{"line":39,"column":62}}],"line":39},"3":{"loc":{"start":{"line":40,"column":32},"end":{"line":40,"column":90}},"type":"cond-expr","locations":[{"start":{"line":40,"column":57},"end":{"line":40,"column":86}},{"start":{"line":40,"column":89},"end":{"line":40,"column":90}}],"line":40},"4":{"loc":{"start":{"line":47,"column":4},"end":{"line":80,"column":5}},"type":"if","locations":[{"start":{"line":47,"column":4},"end":{"line":80,"column":5}},{"start":{"line":73,"column":11},"end":{"line":80,"column":5}}],"line":47},"5":{"loc":{"start":{"line":92,"column":4},"end":{"line":97,"column":5}},"type":"if","locations":[{"start":{"line":92,"column":4},"end":{"line":97,"column":5}},{"start":{},"end":{}}],"line":92},"6":{"loc":{"start":{"line":99,"column":4},"end":{"line":105,"column":5}},"type":"if","locations":[{"start":{"line":99,"column":4},"end":{"line":105,"column":5}},{"start":{},"end":{}}],"line":99},"7":{"loc":{"start":{"line":109,"column":4},"end":{"line":114,"column":5}},"type":"if","locations":[{"start":{"line":109,"column":4},"end":{"line":114,"column":5}},{"start":{},"end":{}}],"line":109},"8":{"loc":{"start":{"line":138,"column":4},"end":{"line":141,"column":5}},"type":"if","locations":[{"start":{"line":138,"column":4},"end":{"line":141,"column":5}},{"start":{},"end":{}}],"line":138},"9":{"loc":{"start":{"line":152,"column":4},"end":{"line":157,"column":5}},"type":"if","locations":[{"start":{"line":152,"column":4},"end":{"line":157,"column":5}},{"start":{},"end":{}}],"line":152},"10":{"loc":{"start":{"line":160,"column":4},"end":{"line":165,"column":5}},"type":"if","locations":[{"start":{"line":160,"column":4},"end":{"line":165,"column":5}},{"start":{},"end":{}}],"line":160},"11":{"loc":{"start":{"line":160,"column":8},"end":{"line":160,"column":69}},"type":"binary-expr","locations":[{"start":{"line":160,"column":8},"end":{"line":160,"column":36}},{"start":{"line":160,"column":40},"end":{"line":160,"column":69}}],"line":160},"12":{"loc":{"start":{"line":170,"column":8},"end":{"line":176,"column":9}},"type":"if","locations":[{"start":{"line":170,"column":8},"end":{"line":176,"column":9}},{"start":{},"end":{}}],"line":170}},"s":{"0":1,"1":1,"2":1,"3":1,"4":1,"5":1,"6":1,"7":1,"8":1,"9":0,"10":0,"11":0,"12":0,"13":0,"14":0,"15":0,"16":0,"17":1,"18":0,"19":0,"20":0,"21":0,"22":0,"23":0,"24":0,"25":0,"26":0,"27":0,"28":0,"29":0,"30":1,"31":0,"32":0,"33":0,"34":0,"35":0,"36":0,"37":0,"38":0,"39":0,"40":0,"41":0,"42":0,"43":0,"44":1,"45":0,"46":0,"47":0,"48":0,"49":0,"50":1,"51":0,"52":0,"53":0,"54":0,"55":0,"56":0,"57":0,"58":0,"59":0,"60":0,"61":0,"62":0,"63":1},"f":{"0":0,"1":0,"2":0,"3":0,"4":0,"5":0},"b":{"0":[0,0],"1":[0,0],"2":[0,0],"3":[0,0],"4":[0,0],"5":[0,0],"6":[0,0],"7":[0,0],"8":[0,0],"9":[0,0],"10":[0,0],"11":[0,0],"12":[0,0]},"_coverageSchema":"1a1c01bbd47fc00a2c39e90264f33305004495a9","hash":"b74eb43f75e387399f1d54a78b6dd9d8487ce661"}
,"C:\\Users\\siri7\\OneDrive\\Desktop\\77885544\\webpage\\routes\\content.js": {"path":"C:\\Users\\siri7\\OneDrive\\Desktop\\77885544\\webpage\\routes\\content.js","statementMap":{"0":{"start":{"line":1,"column":16},"end":{"line":1,"column":34}},"1":{"start":{"line":2,"column":15},"end":{"line":2,"column":31}},"2":{"start":{"line":3,"column":19},"end":{"line":3,"column":50}},"3":{"start":{"line":4,"column":19},"end":{"line":4,"column":50}},"4":{"start":{"line":5,"column":24},"end":{"line":5,"column":41}},"5":{"start":{"line":6,"column":15},"end":{"line":6,"column":35}},"6":{"start":{"line":7,"column":19},"end":{"line":7,"column":50}},"7":{"start":{"line":8,"column":86},"end":{"line":8,"column":121}},"8":{"start":{"line":9,"column":25},"end":{"line":9,"column":62}},"9":{"start":{"line":12,"column":14},"end":{"line":12,"column":23}},"10":{"start":{"line":13,"column":23},"end":{"line":13,"column":25}},"11":{"start":{"line":19,"column":0},"end":{"line":84,"column":4}},"12":{"start":{"line":21,"column":15},"end":{"line":21,"column":44}},"13":{"start":{"line":22,"column":16},"end":{"line":22,"column":69}},"14":{"start":{"line":25,"column":4},"end":{"line":25,"column":27}},"15":{"start":{"line":25,"column":18},"end":{"line":25,"column":27}},"16":{"start":{"line":26,"column":4},"end":{"line":26,"column":52}},"17":{"start":{"line":26,"column":19},"end":{"line":26,"column":52}},"18":{"start":{"line":27,"column":4},"end":{"line":27,"column":50}},"19":{"start":{"line":29,"column":17},"end":{"line":29,"column":35}},"20":{"start":{"line":32,"column":21},"end":{"line":32,"column":39}},"21":{"start":{"line":33,"column":16},"end":{"line":33,"column":26}},"22":{"start":{"line":36,"column":19},"end":{"line":36,"column":38}},"23":{"start":{"line":37,"column":4},"end":{"line":40,"column":5}},"24":{"start":{"line":38,"column":8},"end":{"line":38,"column":57}},"25":{"start":{"line":39,"column":8},"end":{"line":39,"column":37}},"26":{"start":{"line":43,"column":53},"end":{"line":48,"column":6}},"27":{"start":{"line":50,"column":21},"end":{"line":61,"column":5}},"28":{"start":{"line":64,"column":4},"end":{"line":68,"column":5}},"29":{"start":{"line":66,"column":25},"end":{"line":66,"column":50}},"30":{"start":{"line":67,"column":8},"end":{"line":67,"column":31}},"31":{"start":{"line":70,"column":4},"end":{"line":73,"column":7}},"32":{"start":{"line":75,"column":4},"end":{"line":81,"column":7}},"33":{"start":{"line":83,"column":4},"end":{"line":83,"column":23}},"34":{"start":{"line":90,"column":0},"end":{"line":126,"column":4}},"35":{"start":{"line":91,"column":30},"end":{"line":91,"column":38}},"36":{"start":{"line":94,"column":4},"end":{"line":100,"column":5}},"37":{"start":{"line":95,"column":8},"end":{"line":99,"column":11}},"38":{"start":{"line":102,"column":4},"end":{"line":107,"column":5}},"39":{"start":{"line":103,"column":8},"end":{"line":103,"column":40}},"40":{"start":{"line":104,"column":8},"end":{"line":106,"column":9}},"41":{"start":{"line":105,"column":12},"end":{"line":105,"column":46}},"42":{"start":{"line":109,"column":4},"end":{"line":114,"column":5}},"43":{"start":{"line":110,"column":8},"end":{"line":110,"column":40}},"44":{"start":{"line":111,"column":8},"end":{"line":113,"column":9}},"45":{"start":{"line":112,"column":12},"end":{"line":112,"column":49}},"46":{"start":{"line":117,"column":4},"end":{"line":117,"column":18}},"47":{"start":{"line":119,"column":4},"end":{"line":123,"column":7}},"48":{"start":{"line":125,"column":4},"end":{"line":125,"column":32}},"49":{"start":{"line":128,"column":0},"end":{"line":128,"column":24}}},"fnMap":{"0":{"name":"(anonymous_0)","decl":{"start":{"line":19,"column":56},"end":{"line":19,"column":57}},"loc":{"start":{"line":19,"column":76},"end":{"line":84,"column":1}},"line":19},"1":{"name":"(anonymous_1)","decl":{"start":{"line":90,"column":105},"end":{"line":90,"column":106}},"loc":{"start":{"line":90,"column":125},"end":{"line":126,"column":1}},"line":90}},"branchMap":{"0":{"loc":{"start":{"line":21,"column":15},"end":{"line":21,"column":44}},"type":"binary-expr","locations":[{"start":{"line":21,"column":15},"end":{"line":21,"column":39}},{"start":{"line":21,"column":43},"end":{"line":21,"column":44}}],"line":21},"1":{"loc":{"start":{"line":22,"column":16},"end":{"line":22,"column":69}},"type":"binary-expr","locations":[{"start":{"line":22,"column":16},"end":{"line":22,"column":41}},{"start":{"line":22,"column":45},"end":{"line":22,"column":69}}],"line":22},"2":{"loc":{"start":{"line":25,"column":4},"end":{"line":25,"column":27}},"type":"if","locations":[{"start":{"line":25,"column":4},"end":{"line":25,"column":27}},{"start":{},"end":{}}],"line":25},"3":{"loc":{"start":{"line":26,"column":4},"end":{"line":26,"column":52}},"type":"if","locations":[{"start":{"line":26,"column":4},"end":{"line":26,"column":52}},{"start":{},"end":{}}],"line":26},"4":{"loc":{"start":{"line":37,"column":4},"end":{"line":40,"column":5}},"type":"if","locations":[{"start":{"line":37,"column":4},"end":{"line":40,"column":5}},{"start":{},"end":{}}],"line":37},"5":{"loc":{"start":{"line":37,"column":8},"end":{"line":37,"column":61}},"type":"binary-expr","locations":[{"start":{"line":37,"column":8},"end":{"line":37,"column":14}},{"start":{"line":37,"column":19},"end":{"line":37,"column":60}}],"line":37},"6":{"loc":{"start":{"line":64,"column":4},"end":{"line":68,"column":5}},"type":"if","locations":[{"start":{"line":64,"column":4},"end":{"line":68,"column":5}},{"start":{},"end":{}}],"line":64},"7":{"loc":{"start":{"line":94,"column":4},"end":{"line":100,"column":5}},"type":"if","locations":[{"start":{"line":94,"column":4},"end":{"line":100,"column":5}},{"start":{},"end":{}}],"line":94},"8":{"loc":{"start":{"line":94,"column":8},"end":{"line":94,"column":25}},"type":"binary-expr","locations":[{"start":{"line":94,"column":8},"end":{"line":94,"column":13}},{"start":{"line":94,"column":17},"end":{"line":94,"column":25}}],"line":94},"9":{"loc":{"start":{"line":102,"column":4},"end":{"line":107,"column":5}},"type":"if","locations":[{"start":{"line":102,"column":4},"end":{"line":107,"column":5}},{"start":{},"end":{}}],"line":102},"10":{"loc":{"start":{"line":102,"column":8},"end":{"line":102,"column":35}},"type":"binary-expr","locations":[{"start":{"line":102,"column":8},"end":{"line":102,"column":12}},{"start":{"line":102,"column":16},"end":{"line":102,"column":35}}],"line":102},"11":{"loc":{"start":{"line":104,"column":8},"end":{"line":106,"column":9}},"type":"if","locations":[{"start":{"line":104,"column":8},"end":{"line":106,"column":9}},{"start":{},"end":{}}],"line":104},"12":{"loc":{"start":{"line":109,"column":4},"end":{"line":114,"column":5}},"type":"if","locations":[{"start":{"line":109,"column":4},"end":{"line":114,"column":5}},{"start":{},"end":{}}],"line":109},"13":{"loc":{"start":{"line":109,"column":8},"end":{"line":109,"column":41}},"type":"binary-expr","locations":[{"start":{"line":109,"column":8},"end":{"line":109,"column":15}},{"start":{"line":109,"column":19},"end":{"line":109,"column":41}}],"line":109},"14":{"loc":{"start":{"line":111,"column":8},"end":{"line":113,"column":9}},"type":"if","locations":[{"start":{"line":111,"column":8},"end":{"line":113,"column":9}},{"start":{},"end":{}}],"line":111},"15":{"loc":{"start":{"line":120,"column":19},"end":{"line":120,"column":36}},"type":"binary-expr","locations":[{"start":{"line":120,"column":19},"end":{"line":120,"column":31}},{"start":{"line":120,"column":35},"end":{"line":120,"column":36}}],"line":120},"16":{"loc":{"start":{"line":121,"column":22},"end":{"line":121,"column":42}},"type":"binary-expr","locations":[{"start":{"line":121,"column":22},"end":{"line":121,"column":37}},{"start":{"line":121,"column":41},"end":{"line":121,"column":42}}],"line":121}},"s":{"0":1,"1":1,"2":1,"3":1,"4":1,"5":1,"6":1,"7":1,"8":1,"9":1,"10":1,"11":1,"12":0,"13":0,"14":0,"15":0,"16":0,"17":0,"18":0,"19":0,"20":0,"21":0,"22":0,"23":0,"24":0,"25":0,"26":0,"27":0,"28":0,"29":0,"30":0,"31":0,"32":0,"33":0,"34":1,"35":0,"36":0,"37":0,"38":0,"39":0,"40":0,"41":0,"42":0,"43":0,"44":0,"45":0,"46":0,"47":0,"48":0,"49":1},"f":{"0":0,"1":0},"b":{"0":[0,0],"1":[0,0],"2":[0,0],"3":[0,0],"4":[0,0],"5":[0,0],"6":[0,0],"7":[0,0],"8":[0,0],"9":[0,0],"10":[0,0],"11":[0,0],"12":[0,0],"13":[0,0],"14":[0,0],"15":[0,0],"16":[0,0]},"_coverageSchema":"1a1c01bbd47fc00a2c39e90264f33305004495a9","hash":"86d1da56ca832dbe0c0a305ee405908caeb8d38b"}
,"C:\\Users\\siri7\\OneDrive\\Desktop\\77885544\\webpage\\routes\\debug.js": {"path":"C:\\Users\\siri7\\OneDrive\\Desktop\\77885544\\webpage\\routes\\debug.js","statementMap":{"0":{"start":{"line":1,"column":16},"end":{"line":1,"column":34}},"1":{"start":{"line":2,"column":15},"end":{"line":2,"column":31}},"2":{"start":{"line":3,"column":15},"end":{"line":3,"column":35}},"3":{"start":{"line":9,"column":0},"end":{"line":22,"column":3}},"4":{"start":{"line":10,"column":4},"end":{"line":21,"column":7}},"5":{"start":{"line":24,"column":0},"end":{"line":24,"column":24}}},"fnMap":{"0":{"name":"(anonymous_0)","decl":{"start":{"line":9,"column":25},"end":{"line":9,"column":26}},"loc":{"start":{"line":9,"column":39},"end":{"line":22,"column":1}},"line":9}},"branchMap":{"0":{"loc":{"start":{"line":17,"column":29},"end":{"line":17,"column":129}},"type":"cond-expr","locations":[{"start":{"line":17,"column":59},"end":{"line":17,"column":117}},{"start":{"line":17,"column":120},"end":{"line":17,"column":129}}],"line":17},"1":{"loc":{"start":{"line":18,"column":24},"end":{"line":18,"column":66}},"type":"cond-expr","locations":[{"start":{"line":18,"column":49},"end":{"line":18,"column":54}},{"start":{"line":18,"column":57},"end":{"line":18,"column":66}}],"line":18},"2":{"loc":{"start":{"line":19,"column":25},"end":{"line":19,"column":68}},"type":"cond-expr","locations":[{"start":{"line":19,"column":51},"end":{"line":19,"column":56}},{"start":{"line":19,"column":59},"end":{"line":19,"column":68}}],"line":19}},"s":{"0":1,"1":1,"2":1,"3":1,"4":0,"5":1},"f":{"0":0},"b":{"0":[0,0],"1":[0,0],"2":[0,0]},"_coverageSchema":"1a1c01bbd47fc00a2c39e90264f33305004495a9","hash":"a5fefc62ef45d4b014e69640bdee6ccb8de6bdbf"}
,"C:\\Users\\siri7\\OneDrive\\Desktop\\77885544\\webpage\\routes\\health.js": {"path":"C:\\Users\\siri7\\OneDrive\\Desktop\\77885544\\webpage\\routes\\health.js","statementMap":{"0":{"start":{"line":1,"column":16},"end":{"line":1,"column":34}},"1":{"start":{"line":2,"column":15},"end":{"line":2,"column":31}},"2":{"start":{"line":3,"column":17},"end":{"line":3,"column":36}},"3":{"start":{"line":9,"column":0},"end":{"line":32,"column":3}},"4":{"start":{"line":10,"column":19},"end":{"line":23,"column":5}},"5":{"start":{"line":26,"column":4},"end":{"line":29,"column":5}},"6":{"start":{"line":27,"column":8},"end":{"line":27,"column":35}},"7":{"start":{"line":28,"column":8},"end":{"line":28,"column":44}},"8":{"start":{"line":31,"column":4},"end":{"line":31,"column":21}},"9":{"start":{"line":34,"column":0},"end":{"line":34,"column":24}}},"fnMap":{"0":{"name":"(anonymous_0)","decl":{"start":{"line":9,"column":22},"end":{"line":9,"column":23}},"loc":{"start":{"line":9,"column":36},"end":{"line":32,"column":1}},"line":9}},"branchMap":{"0":{"loc":{"start":{"line":14,"column":21},"end":{"line":14,"column":58}},"type":"binary-expr","locations":[{"start":{"line":14,"column":21},"end":{"line":14,"column":41}},{"start":{"line":14,"column":45},"end":{"line":14,"column":58}}],"line":14},"1":{"loc":{"start":{"line":26,"column":4},"end":{"line":29,"column":5}},"type":"if","locations":[{"start":{"line":26,"column":4},"end":{"line":29,"column":5}},{"start":{},"end":{}}],"line":26}},"s":{"0":1,"1":1,"2":1,"3":1,"4":0,"5":0,"6":0,"7":0,"8":0,"9":1},"f":{"0":0},"b":{"0":[0,0],"1":[0,0]},"_coverageSchema":"1a1c01bbd47fc00a2c39e90264f33305004495a9","hash":"e290acddf0a3e689aafd2c4e8b2e1e6b2f422a7a"}
,"C:\\Users\\siri7\\OneDrive\\Desktop\\77885544\\webpage\\routes\\seed.js": {"path":"C:\\Users\\siri7\\OneDrive\\Desktop\\77885544\\webpage\\routes\\seed.js","statementMap":{"0":{"start":{"line":1,"column":16},"end":{"line":1,"column":34}},"1":{"start":{"line":2,"column":15},"end":{"line":2,"column":31}},"2":{"start":{"line":3,"column":19},"end":{"line":3,"column":50}},"3":{"start":{"line":4,"column":19},"end":{"line":4,"column":50}},"4":{"start":{"line":5,"column":19},"end":{"line":5,"column":50}},"5":{"start":{"line":11,"column":0},"end":{"line":46,"column":3}},"6":{"start":{"line":12,"column":4},"end":{"line":45,"column":5}},"7":{"start":{"line":13,"column":22},"end":{"line":13,"column":55}},"8":{"start":{"line":15,"column":8},"end":{"line":39,"column":9}},"9":{"start":{"line":18,"column":12},"end":{"line":23,"column":13}},"10":{"start":{"line":19,"column":16},"end":{"line":19,"column":62}},"11":{"start":{"line":21,"column":16},"end":{"line":21,"column":81}},"12":{"start":{"line":22,"column":16},"end":{"line":22,"column":83}},"13":{"start":{"line":25,"column":12},"end":{"line":27,"column":13}},"14":{"start":{"line":26,"column":16},"end":{"line":26,"column":62}},"15":{"start":{"line":29,"column":12},"end":{"line":31,"column":13}},"16":{"start":{"line":30,"column":16},"end":{"line":30,"column":65}},"17":{"start":{"line":33,"column":12},"end":{"line":36,"column":15}},"18":{"start":{"line":38,"column":12},"end":{"line":38,"column":60}},"19":{"start":{"line":41,"column":8},"end":{"line":41,"column":59}},"20":{"start":{"line":43,"column":8},"end":{"line":43,"column":59}},"21":{"start":{"line":44,"column":8},"end":{"line":44,"column":53}},"22":{"start":{"line":48,"column":0},"end":{"line":48,"column":24}}},"fnMap":{"0":{"name":"(anonymous_0)","decl":{"start":{"line":11,"column":21},"end":{"line":11,"column":22}},"loc":{"start":{"line":11,"column":41},"end":{"line":46,"column":1}},"line":11}},"branchMap":{"0":{"loc":{"start":{"line":15,"column":8},"end":{"line":39,"column":9}},"type":"if","locations":[{"start":{"line":15,"column":8},"end":{"line":39,"column":9}},{"start":{},"end":{}}],"line":15},"1":{"loc":{"start":{"line":25,"column":12},"end":{"line":27,"column":13}},"type":"if","locations":[{"start":{"line":25,"column":12},"end":{"line":27,"column":13}},{"start":{},"end":{}}],"line":25},"2":{"loc":{"start":{"line":25,"column":16},"end":{"line":25,"column":67}},"type":"binary-expr","locations":[{"start":{"line":25,"column":16},"end":{"line":25,"column":32}},{"start":{"line":25,"column":36},"end":{"line":25,"column":67}}],"line":25},"3":{"loc":{"start":{"line":29,"column":12},"end":{"line":31,"column":13}},"type":"if","locations":[{"start":{"line":29,"column":12},"end":{"line":31,"column":13}},{"start":{},"end":{}}],"line":29},"4":{"loc":{"start":{"line":29,"column":16},"end":{"line":29,"column":73}},"type":"binary-expr","locations":[{"start":{"line":29,"column":16},"end":{"line":29,"column":35}},{"start":{"line":29,"column":39},"end":{"line":29,"column":73}}],"line":29},"5":{"loc":{"start":{"line":34,"column":27},"end":{"line":34,"column":56}},"type":"binary-expr","locations":[{"start":{"line":34,"column":27},"end":{"line":34,"column":51}},{"start":{"line":34,"column":55},"end":{"line":34,"column":56}}],"line":34},"6":{"loc":{"start":{"line":35,"column":30},"end":{"line":35,"column":62}},"type":"binary-expr","locations":[{"start":{"line":35,"column":30},"end":{"line":35,"column":57}},{"start":{"line":35,"column":61},"end":{"line":35,"column":62}}],"line":35}},"s":{"0":1,"1":1,"2":1,"3":1,"4":1,"5":1,"6":0,"7":0,"8":0,"9":0,"10":0,"11":0,"12":0,"13":0,"14":0,"15":0,"16":0,"17":0,"18":0,"19":0,"20":0,"21":0,"22":1},"f":{"0":0},"b":{"0":[0,0],"1":[0,0],"2":[0,0],"3":[0,0],"4":[0,0],"5":[0,0],"6":[0,0]},"_coverageSchema":"1a1c01bbd47fc00a2c39e90264f33305004495a9","hash":"2db6fb2ca6a068190c4a429084acbac9a499b019"}
}
